<?xml version="1.0" encoding="UTF-8"?>
<testng-results ignored="0" total="1" passed="1" failed="0" skipped="0">
  <reporter-output>
  </reporter-output>
  <suite started-at="2022-12-23T08:22:44 IST" name="Default suite" finished-at="2022-12-23T08:22:48 IST" duration-ms="3636">
    <groups>
    </groups>
    <test started-at="2022-12-23T08:22:44 IST" name="Default test" finished-at="2022-12-23T08:22:48 IST" duration-ms="3636">
      <class name="vinutharavindra.ExtentReports.ExtentReportDemo">
        <test-method is-config="true" signature="config()[pri:0, instance:vinutharavindra.ExtentReports.ExtentReportDemo@13fd2ccd]" started-at="2022-12-23T08:22:44 IST" name="config" finished-at="2022-12-23T08:22:44 IST" duration-ms="184" status="PASS">
          <reporter-output>
          </reporter-output>
        </test-method> <!-- config -->
        <test-method signature="initailDemo()[pri:0, instance:vinutharavindra.ExtentReports.ExtentReportDemo@13fd2ccd]" started-at="2022-12-23T08:22:44 IST" name="initailDemo" finished-at="2022-12-23T08:22:48 IST" duration-ms="3428" status="PASS">
          <reporter-output>
          </reporter-output>
        </test-method> <!-- initailDemo -->
      </class> <!-- vinutharavindra.ExtentReports.ExtentReportDemo -->
    </test> <!-- Default test -->
  </suite> <!-- Default suite -->
</testng-results>
